{"C:\\dev\\tt\\lib\\rest_server\\index.js":{"path":"C:\\dev\\tt\\lib\\rest_server\\index.js","s":{"1":1},"b":{},"f":{},"fnMap":{},"statementMap":{"1":{"start":{"line":1,"column":0},"end":{"line":1,"column":49}}},"branchMap":{}},"C:\\dev\\tt\\lib\\rest_server\\lib\\rest_server.js":{"path":"C:\\dev\\tt\\lib\\rest_server\\lib\\rest_server.js","s":{"1":1,"2":1,"3":1},"b":{},"f":{"1":1},"fnMap":{"1":{"name":"(anonymous_1)","line":1,"loc":{"start":{"line":1,"column":15},"end":{"line":1,"column":34}}}},"statementMap":{"1":{"start":{"line":1,"column":0},"end":{"line":3,"column":2}},"2":{"start":{"line":2,"column":2},"end":{"line":2,"column":15}},"3":{"start":{"line":5,"column":0},"end":{"line":8,"column":2}}},"branchMap":{}}}